<?xml version="1.0" encoding="UTF-8"?>
<!-- Generated by org.testng.reporters.JUnitReportReporter -->
<testsuite hostname="DESKTOP-M0UH53U" failures="0" tests="4" name="com.selenium.testng.Assignment_2" time="11.592" errors="0" timestamp="2022-03-15T21:56:02 IST" skipped="0">
  <testcase classname="com.selenium.testng.Assignment_2" name="homePage" time="5.135"/>
  <system-out/>
  <testcase classname="com.selenium.testng.Assignment_2" name="reservePage" time="2.937"/>
  <system-out/>
  <testcase classname="com.selenium.testng.Assignment_2" name="purchasePage" time="1.499"/>
  <system-out/>
  <testcase classname="com.selenium.testng.Assignment_2" name="confirmationPage" time="2.021"/>
  <system-out/>
</testsuite> <!-- com.selenium.testng.Assignment_2 -->
