<?xml version="1.0" encoding="UTF-8"?>
<!-- Generated by org.testng.reporters.JUnitReportReporter -->
<testsuite hostname="DESKTOP-M0UH53U" failures="0" tests="4" name="com.selenium.testng.Login_MutualFund" time="8.041" errors="0" timestamp="2022-04-07T21:31:48 IST" skipped="3">
  <testcase classname="com.selenium.testng.Login_MutualFund" name="loginAdmin" time="8.041"/>
  <system-out>
    <![CDATA[Admin test cases executed !!!]]>
  </system-out>
  <testcase classname="com.selenium.testng.Login_MutualFund" name="loginInvalidUser">
    <skipped/>
  </testcase> <!-- loginInvalidUser -->
  <system-out/>
  <testcase classname="com.selenium.testng.Login_MutualFund" name="loginTestUser">
    <skipped/>
  </testcase> <!-- loginTestUser -->
  <system-out/>
  <testcase classname="com.selenium.testng.Login_MutualFund" name="loginJsmithUser">
    <skipped/>
  </testcase> <!-- loginJsmithUser -->
  <system-out/>
</testsuite> <!-- com.selenium.testng.Login_MutualFund -->
