<?xml version="1.0" encoding="UTF-8"?>
<!-- Generated by org.testng.reporters.JUnitReportReporter -->
<testsuite hostname="DESKTOP-M0UH53U" failures="0" tests="3" name="com.selenium.testcase_fd.Fixed_Deposit_DataProvider" time="16.929" errors="0" timestamp="2022-03-26T12:40:34 IST" skipped="0">
  <testcase classname="com.selenium.testcase_fd.Fixed_Deposit_DataProvider" name="f" time="4.130"/>
  <system-out/>
  <testcase classname="com.selenium.testcase_fd.Fixed_Deposit_DataProvider" name="f" time="8.170"/>
  <system-out/>
  <testcase classname="com.selenium.testcase_fd.Fixed_Deposit_DataProvider" name="f" time="4.629"/>
  <system-out/>
</testsuite> <!-- com.selenium.testcase_fd.Fixed_Deposit_DataProvider -->
