<?xml version="1.0" encoding="UTF-8"?>
<!-- Generated by org.testng.reporters.JUnitReportReporter -->
<testsuite hostname="DESKTOP-M0UH53U" failures="0" tests="6" name="com.selenium.testng.Basic_WebObject" time="12.385" errors="0" timestamp="2022-03-13T11:38:53 IST" skipped="0">
  <testcase classname="com.selenium.testng.Basic_WebObject" name="handleTextBox" time="5.732"/>
  <system-out/>
  <testcase classname="com.selenium.testng.Basic_WebObject" name="handleTextArea" time="0.383"/>
  <system-out/>
  <testcase classname="com.selenium.testng.Basic_WebObject" name="handleRadioButton" time="0.122"/>
  <system-out/>
  <testcase classname="com.selenium.testng.Basic_WebObject" name="handleCheckbox" time="0.085"/>
  <system-out/>
  <testcase classname="com.selenium.testng.Basic_WebObject" name="handleDropDownList" time="0.942"/>
  <system-out/>
  <testcase classname="com.selenium.testng.Basic_WebObject" name="handleListBox" time="5.121"/>
  <system-out/>
</testsuite> <!-- com.selenium.testng.Basic_WebObject -->
