<?xml version="1.0" encoding="UTF-8"?>
<!-- Generated by org.testng.reporters.JUnitReportReporter -->
<testsuite hostname="DESKTOP-M0UH53U" failures="0" tests="1" name="com.selenium.webobject.Code_For_Alert_2" time="12.199" errors="0" timestamp="2022-03-13T11:50:30 IST" skipped="0">
  <testcase classname="com.selenium.webobject.Code_For_Alert_2" name="Code_For_Alert_Test" time="12.199"/>
  <system-out/>
</testsuite> <!-- com.selenium.webobject.Code_For_Alert_2 -->
