<?xml version="1.0" encoding="UTF-8"?>
<!-- Generated by org.testng.reporters.JUnitReportReporter -->
<testsuite hostname="DESKTOP-M0UH53U" failures="0" tests="1" name="com.selenium.webobject.Code_For_JavaScriptExecutor_9" time="15.114" errors="0" timestamp="2022-03-13T13:47:02 IST" skipped="0">
  <testcase classname="com.selenium.webobject.Code_For_JavaScriptExecutor_9" name="Code_For_JavaScriptExecutor_Test" time="15.114"/>
  <system-out/>
</testsuite> <!-- com.selenium.webobject.Code_For_JavaScriptExecutor_9 -->
