<?xml version="1.0" encoding="UTF-8"?>
<!-- Generated by org.testng.reporters.JUnitReportReporter -->
<testsuite hostname="DESKTOP-M0UH53U" failures="0" tests="3" name="com.selenium.testng_all_annotations.Code1" time="0.011" errors="0" timestamp="2022-04-07T21:30:14 IST" skipped="0">
  <testcase classname="com.selenium.testng_all_annotations.Code1" name="Code1_testcase1" time="0.006"/>
  <system-out/>
  <testcase classname="com.selenium.testng_all_annotations.Code1" name="Code1_testcase2" time="0.003"/>
  <system-out/>
  <testcase classname="com.selenium.testng_all_annotations.Code1" name="Code1_testcase3" time="0.002"/>
  <system-out/>
</testsuite> <!-- com.selenium.testng_all_annotations.Code1 -->
