<?xml version="1.0" encoding="UTF-8"?>
<!-- Generated by org.testng.reporters.JUnitReportReporter -->
<testsuite hostname="DESKTOP-M0UH53U" failures="0" tests="1" name="com.selenium.webobject.Code_For_KeyboardHandle_6" time="15.202" errors="0" timestamp="2022-03-13T12:26:29 IST" skipped="0">
  <testcase classname="com.selenium.webobject.Code_For_KeyboardHandle_6" name="Code_For_KeyboardHandle_Test" time="15.202"/>
  <system-out/>
</testsuite> <!-- com.selenium.webobject.Code_For_KeyboardHandle_6 -->
