<?xml version="1.0" encoding="UTF-8"?>
<!-- Generated by org.testng.reporters.JUnitReportReporter -->
<testsuite hostname="DESKTOP-M0UH53U" failures="0" tests="4" name="com.selenium.testng.Assignment_1" time="14.067" errors="0" timestamp="2022-03-15T21:29:43 IST" skipped="0">
  <testcase classname="com.selenium.testng.Assignment_1" name="addFunctionality" time="7.113"/>
  <system-out/>
  <testcase classname="com.selenium.testng.Assignment_1" name="subFunctionality" time="2.321"/>
  <system-out/>
  <testcase classname="com.selenium.testng.Assignment_1" name="mulFunctionality" time="2.317"/>
  <system-out/>
  <testcase classname="com.selenium.testng.Assignment_1" name="divFunctionality" time="2.316"/>
  <system-out/>
</testsuite> <!-- com.selenium.testng.Assignment_1 -->
