<?xml version="1.0" encoding="UTF-8"?>
<!-- Generated by org.testng.reporters.JUnitReportReporter -->
<testsuite hostname="DESKTOP-M0UH53U" failures="0" tests="1" name="com.selenium.testcase_fd.Data_Driven_FixedDeposit" time="21.516" errors="0" timestamp="2022-03-26T11:56:47 IST" skipped="0">
  <testcase classname="com.selenium.testcase_fd.Data_Driven_FixedDeposit" name="dataDriven_FD" time="21.516"/>
  <system-out/>
</testsuite> <!-- com.selenium.testcase_fd.Data_Driven_FixedDeposit -->
