<?xml version="1.0" encoding="UTF-8"?>
<!-- Generated by org.testng.reporters.JUnitReportReporter -->
<testsuite hostname="DESKTOP-M0UH53U" failures="0" tests="3" name="com.selenium.testng.BrowserCode_WebDriverManager" time="49.206" errors="0" timestamp="2022-03-19T11:12:01 IST" skipped="0">
  <testcase classname="com.selenium.testng.BrowserCode_WebDriverManager" name="chrome" time="10.365"/>
  <system-out/>
  <testcase classname="com.selenium.testng.BrowserCode_WebDriverManager" name="firefox" time="14.831"/>
  <system-out/>
  <testcase classname="com.selenium.testng.BrowserCode_WebDriverManager" name="edge" time="24.010"/>
  <system-out/>
</testsuite> <!-- com.selenium.testng.BrowserCode_WebDriverManager -->
