<?xml version="1.0" encoding="UTF-8"?>
<!-- Generated by org.testng.reporters.JUnitReportReporter -->
<testsuite hostname="DESKTOP-M0UH53U" failures="0" tests="2" name="com.selenium.webobject.Code_For_WindowTab_8" time="12.107" errors="0" timestamp="2022-03-13T13:14:03 IST" skipped="0">
  <testcase classname="com.selenium.webobject.Code_For_WindowTab_8" name="Tab" time="0.006"/>
  <system-out/>
  <testcase classname="com.selenium.webobject.Code_For_WindowTab_8" name="tabFlipkart" time="12.101"/>
  <system-out/>
</testsuite> <!-- com.selenium.webobject.Code_For_WindowTab_8 -->
