<?xml version="1.0" encoding="UTF-8"?>
<!-- Generated by org.testng.reporters.JUnitReportReporter -->
<testsuite hostname="DESKTOP-M0UH53U" failures="0" tests="3" name="com.selenium.testng.BrowserCode" time="32.995" errors="0" timestamp="2022-03-19T10:59:17 IST" skipped="0">
  <testcase classname="com.selenium.testng.BrowserCode" name="chrome" time="7.024"/>
  <system-out/>
  <testcase classname="com.selenium.testng.BrowserCode" name="firefox" time="15.143"/>
  <system-out/>
  <testcase classname="com.selenium.testng.BrowserCode" name="edge" time="10.828"/>
  <system-out/>
</testsuite> <!-- com.selenium.testng.BrowserCode -->
