<?xml version="1.0" encoding="UTF-8"?>
<!-- Generated by org.testng.reporters.JUnitReportReporter -->
<testsuite hostname="DESKTOP-M0UH53U" failures="0" tests="2" name="com.selenium.testng.HardAssert_Login" time="7.948" errors="0" timestamp="2022-04-07T21:31:48 IST" skipped="0">
  <testcase classname="com.selenium.testng.HardAssert_Login" name="loginAdmin" time="3.809"/>
  <system-out/>
  <testcase classname="com.selenium.testng.HardAssert_Login" name="logoutAdmin" time="4.139"/>
  <system-out>
    <![CDATA[Admin test cases executed !!!]]>
  </system-out>
</testsuite> <!-- com.selenium.testng.HardAssert_Login -->
