<?xml version="1.0" encoding="UTF-8"?>
<!-- Generated by org.testng.reporters.JUnitReportReporter -->
<testsuite hostname="DESKTOP-M0UH53U" failures="0" tests="1" name="com.selenium.testcase_fd.Data_Driven_FD" time="14.920" errors="0" timestamp="2022-03-26T11:41:48 IST" skipped="0">
  <testcase classname="com.selenium.testcase_fd.Data_Driven_FD" name="dataDriven_FD" time="14.920"/>
  <system-out/>
</testsuite> <!-- com.selenium.testcase_fd.Data_Driven_FD -->
