<?xml version="1.0" encoding="UTF-8"?>
<!-- Generated by org.testng.reporters.JUnitReportReporter -->
<testsuite hostname="DESKTOP-M0UH53U" failures="0" tests="1" name="com.selenium.webobject.Code_For_CountElements_1" time="20.410" errors="0" timestamp="2022-03-12T13:11:58 IST" skipped="0">
  <testcase classname="com.selenium.webobject.Code_For_CountElements_1" name="CountWebElement" time="20.410"/>
  <system-out/>
</testsuite> <!-- com.selenium.webobject.Code_For_CountElements_1 -->
