<?xml version="1.0" encoding="UTF-8"?>
<!-- Generated by org.testng.reporters.JUnitReportReporter -->
<testsuite hostname="DESKTOP-M0UH53U" failures="0" tests="2" name="com.selenium.testng.SoftAssert_Login" time="7.060" errors="0" timestamp="2022-04-07T21:34:00 IST" skipped="0">
  <testcase classname="com.selenium.testng.SoftAssert_Login" name="loginAdmin" time="3.033"/>
  <system-out/>
  <testcase classname="com.selenium.testng.SoftAssert_Login" name="logoutAdmin" time="4.027"/>
  <system-out>
    <![CDATA[Admin test cases executed !!!]]>
  </system-out>
</testsuite> <!-- com.selenium.testng.SoftAssert_Login -->
